# JRE version: Java(TM) SE Runtime Environment (8.0_301-b09) (build 1.8.0_301-b09)
# Java VM: Java HotSpot(TM) 64-Bit Server VM (25.301-b09 mixed mode windows-amd64 compressed oops)
Heap:
 PSYoungGen      total 19968K, used 19123K [0x00000000eb500000, 0x00000000ecd00000, 0x0000000100000000)
  eden space 16384K, 100% used [0x00000000eb500000,0x00000000ec500000,0x00000000ec500000)
  from space 3584K, 76% used [0x00000000ec980000,0x00000000ecc2ce78,0x00000000ecd00000)
  to   space 4096K, 15% used [0x00000000ec500000,0x00000000ec5a0000,0x00000000ec900000)
 ParOldGen       total 678912K, used 3943K [0x00000000c1e00000, 0x00000000eb500000, 0x00000000eb500000)
  object space 678912K, 0% used [0x00000000c1e00000,0x00000000c21d9cc0,0x00000000eb500000)
 Metaspace       used 16355K, capacity 16516K, committed 16640K, reserved 1064960K
  class space    used 1963K, capacity 2024K, committed 2048K, reserved 1048576K
GC Heap History (10 events):
Event: 209.255 GC heap after
Heap after GC invocations=3 (full 0):
 PSYoungGen      total 18944K, used 2531K [0x00000000eb500000, 0x00000000eca00000, 0x0000000100000000)
  eden space 16384K, 0% used [0x00000000eb500000,0x00000000eb500000,0x00000000ec500000)
  from space 2560K, 98% used [0x00000000ec500000,0x00000000ec778e88,0x00000000ec780000)
  to   space 2560K, 0% used [0x00000000ec780000,0x00000000ec780000,0x00000000eca00000)
 ParOldGen       total 44032K, used 1824K [0x00000000c1e00000, 0x00000000c4900000, 0x00000000eb500000)
  object space 44032K, 4% used [0x00000000c1e00000,0x00000000c1fc81c8,0x00000000c4900000)
 Metaspace       used 15592K, capacity 15748K, committed 15872K, reserved 1062912K
  class space    used 1901K, capacity 1960K, committed 2048K, reserved 1048576K
}
Event: 309.338 GC heap before
{Heap before GC invocations=4 (full 0):
 PSYoungGen      total 18944K, used 18915K [0x00000000eb500000, 0x00000000eca00000, 0x0000000100000000)
  eden space 16384K, 100% used [0x00000000eb500000,0x00000000ec500000,0x00000000ec500000)
  from space 2560K, 98% used [0x00000000ec500000,0x00000000ec778e88,0x00000000ec780000)
  to   space 2560K, 0% used [0x00000000ec780000,0x00000000ec780000,0x00000000eca00000)
 ParOldGen       total 44032K, used 1824K [0x00000000c1e00000, 0x00000000c4900000, 0x00000000eb500000)
  object space 44032K, 4% used [0x00000000c1e00000,0x00000000c1fc81c8,0x00000000c4900000)
 Metaspace       used 15672K, capacity 15812K, committed 16128K, reserved 1062912K
  class space    used 1901K, capacity 1960K, committed 2048K, reserved 1048576K
Event: 309.341 GC heap after
Heap after GC invocations=4 (full 0):
 PSYoungGen      total 18944K, used 2531K [0x00000000eb500000, 0x00000000eca00000, 0x0000000100000000)
  eden space 16384K, 0% used [0x00000000eb500000,0x00000000eb500000,0x00000000ec500000)
  from space 2560K, 98% used [0x00000000ec780000,0x00000000ec9f8e88,0x00000000eca00000)
  to   space 2560K, 0% used [0x00000000ec500000,0x00000000ec500000,0x00000000ec780000)
 ParOldGen       total 44032K, used 1840K [0x00000000c1e00000, 0x00000000c4900000, 0x00000000eb500000)
  object space 44032K, 4% used [0x00000000c1e00000,0x00000000c1fcc1c8,0x00000000c4900000)
 Metaspace       used 15672K, capacity 15812K, committed 16128K, reserved 1062912K
  class space    used 1901K, capacity 1960K, committed 2048K, reserved 1048576K
}
Event: 369.392 GC heap before
{Heap before GC invocations=5 (full 0):
 PSYoungGen      total 18944K, used 18915K [0x00000000eb500000, 0x00000000eca00000, 0x0000000100000000)
  eden space 16384K, 100% used [0x00000000eb500000,0x00000000ec500000,0x00000000ec500000)
  from space 2560K, 98% used [0x00000000ec780000,0x00000000ec9f8e88,0x00000000eca00000)
  to   space 2560K, 0% used [0x00000000ec500000,0x00000000ec500000,0x00000000ec780000)
 ParOldGen       total 44032K, used 1840K [0x00000000c1e00000, 0x00000000c4900000, 0x00000000eb500000)
  object space 44032K, 4% used [0x00000000c1e00000,0x00000000c1fcc1c8,0x00000000c4900000)
 Metaspace       used 16169K, capacity 16324K, committed 16384K, reserved 1062912K
  class space    used 1963K, capacity 2024K, committed 2048K, reserved 1048576K
Event: 369.395 GC heap after
Heap after GC invocations=5 (full 0):
 PSYoungGen      total 18944K, used 2547K [0x00000000eb500000, 0x00000000ece00000, 0x0000000100000000)
  eden space 16384K, 0% used [0x00000000eb500000,0x00000000eb500000,0x00000000ec500000)
  from space 2560K, 99% used [0x00000000ec500000,0x00000000ec77ce98,0x00000000ec780000)
  to   space 4608K, 0% used [0x00000000ec980000,0x00000000ec980000,0x00000000ece00000)
 ParOldGen       total 44032K, used 2096K [0x00000000c1e00000, 0x00000000c4900000, 0x00000000eb500000)
  object space 44032K, 4% used [0x00000000c1e00000,0x00000000c200c1c8,0x00000000c4900000)
 Metaspace       used 16169K, capacity 16324K, committed 16384K, reserved 1062912K
  class space    used 1963K, capacity 2024K, committed 2048K, reserved 1048576K
}
Event: 465.474 GC heap before
{Heap before GC invocations=6 (full 0):
 PSYoungGen      total 18944K, used 18931K [0x00000000eb500000, 0x00000000ece00000, 0x0000000100000000)
  eden space 16384K, 100% used [0x00000000eb500000,0x00000000ec500000,0x00000000ec500000)
  from space 2560K, 99% used [0x00000000ec500000,0x00000000ec77ce98,0x00000000ec780000)
  to   space 4608K, 0% used [0x00000000ec980000,0x00000000ec980000,0x00000000ece00000)
 ParOldGen       total 44032K, used 2096K [0x00000000c1e00000, 0x00000000c4900000, 0x00000000eb500000)
  object space 44032K, 4% used [0x00000000c1e00000,0x00000000c200c1c8,0x00000000c4900000)
 Metaspace       used 16310K, capacity 16452K, committed 16640K, reserved 1064960K
  class space    used 1963K, capacity 2024K, committed 2048K, reserved 1048576K
Event: 465.477 GC heap after
Heap after GC invocations=6 (full 0):
 PSYoungGen      total 19968K, used 2739K [0x00000000eb500000, 0x00000000ecd00000, 0x0000000100000000)
  eden space 16384K, 0% used [0x00000000eb500000,0x00000000eb500000,0x00000000ec500000)
  from space 3584K, 76% used [0x00000000ec980000,0x00000000ecc2ce78,0x00000000ecd00000)
  to   space 4096K, 0% used [0x00000000ec500000,0x00000000ec500000,0x00000000ec900000)
 ParOldGen       total 44032K, used 2104K [0x00000000c1e00000, 0x00000000c4900000, 0x00000000eb500000)
  object space 44032K, 4% used [0x00000000c1e00000,0x00000000c200e1c8,0x00000000c4900000)
 Metaspace       used 16310K, capacity 16452K, committed 16640K, reserved 1064960K
  class space    used 1963K, capacity 2024K, committed 2048K, reserved 1048576K
}
Event: 568.557 GC heap before
{Heap before GC invocations=7 (full 0):
 PSYoungGen      total 19968K, used 19123K [0x00000000eb500000, 0x00000000ecd00000, 0x0000000100000000)
  eden space 16384K, 100% used [0x00000000eb500000,0x00000000ec500000,0x00000000ec500000)
  from space 3584K, 76% used [0x00000000ec980000,0x00000000ecc2ce78,0x00000000ecd00000)
  to   space 4096K, 0% used [0x00000000ec500000,0x00000000ec500000,0x00000000ec900000)
 ParOldGen       total 44032K, used 2104K [0x00000000c1e00000, 0x00000000c4900000, 0x00000000eb500000)
  object space 44032K, 4% used [0x00000000c1e00000,0x00000000c200e1c8,0x00000000c4900000)
 Metaspace       used 16355K, capacity 16516K, committed 16640K, reserved 1064960K
  class space    used 1963K, capacity 2024K, committed 2048K, reserved 1048576K
Event: 568.563 GC heap after
Heap after GC invocations=7 (full 0):
 PSYoungGen      total 19968K, used 19123K [0x00000000eb500000, 0x00000000ecd00000, 0x0000000100000000)
  eden space 16384K, 100% used [0x00000000eb500000,0x00000000ec500000,0x00000000ec500000)
  from space 3584K, 76% used [0x00000000ec980000,0x00000000ecc2ce78,0x00000000ecd00000)
  to   space 4096K, 15% used [0x00000000ec500000,0x00000000ec5a0000,0x00000000ec900000)
 ParOldGen       total 678912K, used 3943K [0x00000000c1e00000, 0x00000000eb500000, 0x00000000eb500000)
  object space 678912K, 0% used [0x00000000c1e00000,0x00000000c21d9cc0,0x00000000eb500000)
 Metaspace       used 16355K, capacity 16516K, committed 16640K, reserved 1064960K
  class space    used 1963K, capacity 2024K, committed 2048K, reserved 1048576K
}
Event: 568.563 GC heap before
{Heap before GC invocations=8 (full 1):
 PSYoungGen      total 19968K, used 19123K [0x00000000eb500000, 0x00000000ecd00000, 0x0000000100000000)
  eden space 16384K, 100% used [0x00000000eb500000,0x00000000ec500000,0x00000000ec500000)
  from space 3584K, 76% used [0x00000000ec980000,0x00000000ecc2ce78,0x00000000ecd00000)
  to   space 4096K, 15% used [0x00000000ec500000,0x00000000ec5a0000,0x00000000ec900000)
 ParOldGen       total 678912K, used 3943K [0x00000000c1e00000, 0x00000000eb500000, 0x00000000eb500000)
  object space 678912K, 0% used [0x00000000c1e00000,0x00000000c21d9cc0,0x00000000eb500000)
 Metaspace       used 16355K, capacity 16516K, committed 16640K, reserved 1064960K
  class space    used 1963K, capacity 2024K, committed 2048K, reserved 1048576K

